Determining if the pthread_create exist failed with the following output:
Change Dir: /home/aslan/CLionProjects/UdemyTDD/CMakeFiles/CMakeTmp

Run Build Command:"/usr/bin/make" "cmTC_76e3f/fast"
/usr/bin/make -f CMakeFiles/cmTC_76e3f.dir/build.make CMakeFiles/cmTC_76e3f.dir/build
make[1]: Entering directory '/home/aslan/CLionProjects/UdemyTDD/CMakeFiles/CMakeTmp'
Building C object CMakeFiles/cmTC_76e3f.dir/CheckSymbolExists.c.o
/usr/bin/cc    -o CMakeFiles/cmTC_76e3f.dir/CheckSymbolExists.c.o   -c /home/aslan/CLionProjects/UdemyTDD/CMakeFiles/CMakeTmp/CheckSymbolExists.c
Linking C executable cmTC_76e3f
/usr/local/bin/cmake -E cmake_link_script CMakeFiles/cmTC_76e3f.dir/link.txt --verbose=1
/usr/bin/cc      CMakeFiles/cmTC_76e3f.dir/CheckSymbolExists.c.o  -o cmTC_76e3f 
CMakeFiles/cmTC_76e3f.dir/CheckSymbolExists.c.o: In function `main':
CheckSymbolExists.c:(.text+0x1b): undefined reference to `pthread_create'
collect2: error: ld returned 1 exit status
CMakeFiles/cmTC_76e3f.dir/build.make:86: recipe for target 'cmTC_76e3f' failed
make[1]: *** [cmTC_76e3f] Error 1
make[1]: Leaving directory '/home/aslan/CLionProjects/UdemyTDD/CMakeFiles/CMakeTmp'
Makefile:121: recipe for target 'cmTC_76e3f/fast' failed
make: *** [cmTC_76e3f/fast] Error 2

File /home/aslan/CLionProjects/UdemyTDD/CMakeFiles/CMakeTmp/CheckSymbolExists.c:
/* */
#include <pthread.h>

int main(int argc, char** argv)
{
  (void)argv;
#ifndef pthread_create
  return ((int*)(&pthread_create))[argc];
#else
  (void)argc;
  return 0;
#endif
}

Determining if the function pthread_create exists in the pthreads failed with the following output:
Change Dir: /home/aslan/CLionProjects/UdemyTDD/CMakeFiles/CMakeTmp

Run Build Command:"/usr/bin/make" "cmTC_9a06e/fast"
/usr/bin/make -f CMakeFiles/cmTC_9a06e.dir/build.make CMakeFiles/cmTC_9a06e.dir/build
make[1]: Entering directory '/home/aslan/CLionProjects/UdemyTDD/CMakeFiles/CMakeTmp'
Building C object CMakeFiles/cmTC_9a06e.dir/CheckFunctionExists.c.o
/usr/bin/cc   -DCHECK_FUNCTION_EXISTS=pthread_create   -o CMakeFiles/cmTC_9a06e.dir/CheckFunctionExists.c.o   -c /usr/local/share/cmake-3.12/Modules/CheckFunctionExists.c
Linking C executable cmTC_9a06e
/usr/local/bin/cmake -E cmake_link_script CMakeFiles/cmTC_9a06e.dir/link.txt --verbose=1
/usr/bin/cc  -DCHECK_FUNCTION_EXISTS=pthread_create    CMakeFiles/cmTC_9a06e.dir/CheckFunctionExists.c.o  -o cmTC_9a06e -lpthreads 
/usr/bin/ld: cannot find -lpthreads
collect2: error: ld returned 1 exit status
CMakeFiles/cmTC_9a06e.dir/build.make:86: recipe for target 'cmTC_9a06e' failed
make[1]: *** [cmTC_9a06e] Error 1
make[1]: Leaving directory '/home/aslan/CLionProjects/UdemyTDD/CMakeFiles/CMakeTmp'
Makefile:121: recipe for target 'cmTC_9a06e/fast' failed
make: *** [cmTC_9a06e/fast] Error 2


