Determining if the pthread_create exist failed with the following output:
Change Dir: /home/aslan/CLionProjects/UdemyTDD/gmock/CMakeFiles/CMakeTmp

Run Build Command:"/usr/bin/make" "cmTC_6d2cc/fast"
make[3]: Entering directory '/home/aslan/CLionProjects/UdemyTDD/gmock/CMakeFiles/CMakeTmp'
/usr/bin/make -f CMakeFiles/cmTC_6d2cc.dir/build.make CMakeFiles/cmTC_6d2cc.dir/build
make[4]: Entering directory '/home/aslan/CLionProjects/UdemyTDD/gmock/CMakeFiles/CMakeTmp'
Building C object CMakeFiles/cmTC_6d2cc.dir/CheckSymbolExists.c.o
/usr/bin/cc    -o CMakeFiles/cmTC_6d2cc.dir/CheckSymbolExists.c.o   -c /home/aslan/CLionProjects/UdemyTDD/gmock/CMakeFiles/CMakeTmp/CheckSymbolExists.c
Linking C executable cmTC_6d2cc
/usr/local/bin/cmake -E cmake_link_script CMakeFiles/cmTC_6d2cc.dir/link.txt --verbose=1
/usr/bin/cc      -rdynamic CMakeFiles/cmTC_6d2cc.dir/CheckSymbolExists.c.o  -o cmTC_6d2cc 
CMakeFiles/cmTC_6d2cc.dir/CheckSymbolExists.c.o: In function `main':
CheckSymbolExists.c:(.text+0x1b): undefined reference to `pthread_create'
collect2: error: ld returned 1 exit status
CMakeFiles/cmTC_6d2cc.dir/build.make:86: recipe for target 'cmTC_6d2cc' failed
make[4]: *** [cmTC_6d2cc] Error 1
make[4]: Leaving directory '/home/aslan/CLionProjects/UdemyTDD/gmock/CMakeFiles/CMakeTmp'
Makefile:121: recipe for target 'cmTC_6d2cc/fast' failed
make[3]: *** [cmTC_6d2cc/fast] Error 2
make[3]: Leaving directory '/home/aslan/CLionProjects/UdemyTDD/gmock/CMakeFiles/CMakeTmp'

File /home/aslan/CLionProjects/UdemyTDD/gmock/CMakeFiles/CMakeTmp/CheckSymbolExists.c:
/* */
#include <pthread.h>

int main(int argc, char** argv)
{
  (void)argv;
#ifndef pthread_create
  return ((int*)(&pthread_create))[argc];
#else
  (void)argc;
  return 0;
#endif
}

Determining if the function pthread_create exists in the pthreads failed with the following output:
Change Dir: /home/aslan/CLionProjects/UdemyTDD/gmock/CMakeFiles/CMakeTmp

Run Build Command:"/usr/bin/make" "cmTC_1f544/fast"
make[3]: Entering directory '/home/aslan/CLionProjects/UdemyTDD/gmock/CMakeFiles/CMakeTmp'
/usr/bin/make -f CMakeFiles/cmTC_1f544.dir/build.make CMakeFiles/cmTC_1f544.dir/build
make[4]: Entering directory '/home/aslan/CLionProjects/UdemyTDD/gmock/CMakeFiles/CMakeTmp'
Building C object CMakeFiles/cmTC_1f544.dir/CheckFunctionExists.c.o
/usr/bin/cc   -DCHECK_FUNCTION_EXISTS=pthread_create   -o CMakeFiles/cmTC_1f544.dir/CheckFunctionExists.c.o   -c /usr/local/share/cmake-3.12/Modules/CheckFunctionExists.c
Linking C executable cmTC_1f544
/usr/local/bin/cmake -E cmake_link_script CMakeFiles/cmTC_1f544.dir/link.txt --verbose=1
/usr/bin/cc  -DCHECK_FUNCTION_EXISTS=pthread_create    -rdynamic CMakeFiles/cmTC_1f544.dir/CheckFunctionExists.c.o  -o cmTC_1f544 -lpthreads 
/usr/bin/ld: cannot find -lpthreads
collect2: error: ld returned 1 exit status
CMakeFiles/cmTC_1f544.dir/build.make:86: recipe for target 'cmTC_1f544' failed
make[4]: *** [cmTC_1f544] Error 1
make[4]: Leaving directory '/home/aslan/CLionProjects/UdemyTDD/gmock/CMakeFiles/CMakeTmp'
Makefile:121: recipe for target 'cmTC_1f544/fast' failed
make[3]: *** [cmTC_1f544/fast] Error 2
make[3]: Leaving directory '/home/aslan/CLionProjects/UdemyTDD/gmock/CMakeFiles/CMakeTmp'


